[2025-12-16T19:41:54.014+0530] {local_task_job_runner.py:123} INFO - ::group::Pre task execution logs
[2025-12-16T19:41:54.040+0530] {taskinstance.py:2612} INFO - Dependencies all met for dep_context=non-requeueable deps ti=<TaskInstance: spotify_streaming_pipeline.run_spotify_producer manual__2025-12-16T14:11:49.374779+00:00 [queued]>
[2025-12-16T19:41:54.046+0530] {local_task_job_runner.py:123} INFO - ::group::Pre task execution logs
[2025-12-16T19:41:54.056+0530] {taskinstance.py:2612} INFO - Dependencies all met for dep_context=requeueable deps ti=<TaskInstance: spotify_streaming_pipeline.run_spotify_producer manual__2025-12-16T14:11:49.374779+00:00 [queued]>
[2025-12-16T19:41:54.057+0530] {taskinstance.py:2865} INFO - Starting attempt 2 of 2
[2025-12-16T19:41:54.069+0530] {taskinstance.py:2612} INFO - Dependencies all met for dep_context=non-requeueable deps ti=<TaskInstance: spotify_streaming_pipeline.run_spotify_producer manual__2025-12-16T14:11:49.374779+00:00 [queued]>
[2025-12-16T19:41:54.090+0530] {taskinstance.py:2888} INFO - Executing <Task(BashOperator): run_spotify_producer> on 2025-12-16 14:11:49.374779+00:00
[2025-12-16T19:41:54.093+0530] {taskinstance.py:2612} INFO - Dependencies all met for dep_context=requeueable deps ti=<TaskInstance: spotify_streaming_pipeline.run_spotify_producer manual__2025-12-16T14:11:49.374779+00:00 [queued]>
[2025-12-16T19:41:54.094+0530] {taskinstance.py:2865} INFO - Starting attempt 2 of 2
[2025-12-16T19:41:54.104+0530] {standard_task_runner.py:72} INFO - Started process 32230 to run task
[2025-12-16T19:41:54.110+0530] {standard_task_runner.py:104} INFO - Running: ['airflow', 'tasks', 'run', 'spotify_streaming_pipeline', 'run_spotify_producer', 'manual__2025-12-16T14:11:49.374779+00:00', '--job-id', '75', '--raw', '--subdir', 'DAGS_FOLDER/spotify_streaming_dag.py', '--cfg-path', '/tmp/tmpdcga3mgo']
[2025-12-16T19:41:54.111+0530] {standard_task_runner.py:105} INFO - Job 75: Subtask run_spotify_producer
[2025-12-16T19:41:54.129+0530] {taskinstance.py:2888} INFO - Executing <Task(BashOperator): run_spotify_producer> on 2025-12-16 14:11:49.374779+00:00
[2025-12-16T19:41:54.143+0530] {standard_task_runner.py:72} INFO - Started process 32232 to run task
[2025-12-16T19:41:54.151+0530] {standard_task_runner.py:104} INFO - Running: ['airflow', 'tasks', 'run', 'spotify_streaming_pipeline', 'run_spotify_producer', 'manual__2025-12-16T14:11:49.374779+00:00', '--job-id', '76', '--raw', '--subdir', 'DAGS_FOLDER/spotify_streaming_dag.py', '--cfg-path', '/tmp/tmpwkl890xs']
[2025-12-16T19:41:54.153+0530] {standard_task_runner.py:105} INFO - Job 76: Subtask run_spotify_producer
[2025-12-16T19:41:54.207+0530] {task_command.py:467} INFO - Running <TaskInstance: spotify_streaming_pipeline.run_spotify_producer manual__2025-12-16T14:11:49.374779+00:00 [running]> on host sneha-HP-Laptop-15s-eq1xxx
[2025-12-16T19:41:54.220+0530] {task_command.py:467} INFO - Running <TaskInstance: spotify_streaming_pipeline.run_spotify_producer manual__2025-12-16T14:11:49.374779+00:00 [running]> on host sneha-HP-Laptop-15s-eq1xxx
[2025-12-16T19:41:54.313+0530] {taskinstance.py:3131} INFO - Exporting env vars: AIRFLOW_CTX_DAG_OWNER='sneha' AIRFLOW_CTX_DAG_ID='spotify_streaming_pipeline' AIRFLOW_CTX_TASK_ID='run_spotify_producer' AIRFLOW_CTX_EXECUTION_DATE='2025-12-16T14:11:49.374779+00:00' AIRFLOW_CTX_TRY_NUMBER='2' AIRFLOW_CTX_DAG_RUN_ID='manual__2025-12-16T14:11:49.374779+00:00'
[2025-12-16T19:41:54.315+0530] {logging_mixin.py:190} INFO - Task instance is in running state
[2025-12-16T19:41:54.315+0530] {logging_mixin.py:190} INFO -  Previous state of the Task instance: queued
[2025-12-16T19:41:54.315+0530] {logging_mixin.py:190} INFO - Current task name:run_spotify_producer state:running start_date:2025-12-16 14:11:54.070686+00:00
[2025-12-16T19:41:54.315+0530] {logging_mixin.py:190} INFO - Dag name:spotify_streaming_pipeline and current dag run status:running
[2025-12-16T19:41:54.316+0530] {taskinstance.py:731} INFO - ::endgroup::
[2025-12-16T19:41:54.317+0530] {subprocess.py:63} INFO - Tmp dir root location: /tmp
[2025-12-16T19:41:54.318+0530] {subprocess.py:75} INFO - Running command: ['/usr/bin/bash', '-c', 'python /home/sneha/spotify_airflow_project/scripts/producer_airflow.py']
[2025-12-16T19:41:54.320+0530] {taskinstance.py:3310} ERROR - Task failed with exception
Traceback (most recent call last):
  File "/home/sneha/spotify_airflow_project/venv/lib/python3.12/site-packages/sqlalchemy/engine/base.py", line 1910, in _execute_context
    self.dialect.do_execute(
  File "/home/sneha/spotify_airflow_project/venv/lib/python3.12/site-packages/sqlalchemy/engine/default.py", line 736, in do_execute
    cursor.execute(statement, parameters)
sqlite3.IntegrityError: UNIQUE constraint failed: rendered_task_instance_fields.dag_id, rendered_task_instance_fields.task_id, rendered_task_instance_fields.run_id, rendered_task_instance_fields.map_index

The above exception was the direct cause of the following exception:

Traceback (most recent call last):
  File "/home/sneha/spotify_airflow_project/venv/lib/python3.12/site-packages/airflow/models/taskinstance.py", line 273, in _run_raw_task
    TaskInstance._execute_task_with_callbacks(
  File "/home/sneha/spotify_airflow_project/venv/lib/python3.12/site-packages/airflow/models/taskinstance.py", line 3122, in _execute_task_with_callbacks
    _update_rtif(ti=self, rendered_fields=rendered_fields)
  File "/home/sneha/spotify_airflow_project/venv/lib/python3.12/site-packages/airflow/api_internal/internal_api_call.py", line 139, in wrapper
    return func(*args, **kwargs)
           ^^^^^^^^^^^^^^^^^^^^^
  File "/home/sneha/spotify_airflow_project/venv/lib/python3.12/site-packages/airflow/utils/session.py", line 97, in wrapper
    return func(*args, session=session, **kwargs)
           ^^^^^^^^^^^^^^^^^^^^^^^^^^^^^^^^^^^^^^
  File "/home/sneha/spotify_airflow_project/venv/lib/python3.12/site-packages/airflow/models/taskinstance.py", line 1642, in _update_rtif
    RenderedTaskInstanceFields.delete_old_records(ti.task_id, ti.dag_id, session=session)
  File "/home/sneha/spotify_airflow_project/venv/lib/python3.12/site-packages/airflow/utils/session.py", line 94, in wrapper
    return func(*args, **kwargs)
           ^^^^^^^^^^^^^^^^^^^^^
  File "/home/sneha/spotify_airflow_project/venv/lib/python3.12/site-packages/airflow/models/renderedtifields.py", line 271, in delete_old_records
    session.flush()
  File "/home/sneha/spotify_airflow_project/venv/lib/python3.12/site-packages/sqlalchemy/orm/session.py", line 3449, in flush
    self._flush(objects)
  File "/home/sneha/spotify_airflow_project/venv/lib/python3.12/site-packages/sqlalchemy/orm/session.py", line 3588, in _flush
    with util.safe_reraise():
         ^^^^^^^^^^^^^^^^^^^
  File "/home/sneha/spotify_airflow_project/venv/lib/python3.12/site-packages/sqlalchemy/util/langhelpers.py", line 70, in __exit__
    compat.raise_(
  File "/home/sneha/spotify_airflow_project/venv/lib/python3.12/site-packages/sqlalchemy/util/compat.py", line 211, in raise_
    raise exception
  File "/home/sneha/spotify_airflow_project/venv/lib/python3.12/site-packages/sqlalchemy/orm/session.py", line 3549, in _flush
    flush_context.execute()
  File "/home/sneha/spotify_airflow_project/venv/lib/python3.12/site-packages/sqlalchemy/orm/unitofwork.py", line 456, in execute
    rec.execute(self)
  File "/home/sneha/spotify_airflow_project/venv/lib/python3.12/site-packages/sqlalchemy/orm/unitofwork.py", line 630, in execute
    util.preloaded.orm_persistence.save_obj(
  File "/home/sneha/spotify_airflow_project/venv/lib/python3.12/site-packages/sqlalchemy/orm/persistence.py", line 245, in save_obj
    _emit_insert_statements(
  File "/home/sneha/spotify_airflow_project/venv/lib/python3.12/site-packages/sqlalchemy/orm/persistence.py", line 1097, in _emit_insert_statements
    c = connection._execute_20(
        ^^^^^^^^^^^^^^^^^^^^^^^
  File "/home/sneha/spotify_airflow_project/venv/lib/python3.12/site-packages/sqlalchemy/engine/base.py", line 1710, in _execute_20
    return meth(self, args_10style, kwargs_10style, execution_options)
           ^^^^^^^^^^^^^^^^^^^^^^^^^^^^^^^^^^^^^^^^^^^^^^^^^^^^^^^^^^^
  File "/home/sneha/spotify_airflow_project/venv/lib/python3.12/site-packages/sqlalchemy/sql/elements.py", line 334, in _execute_on_connection
    return connection._execute_clauseelement(
           ^^^^^^^^^^^^^^^^^^^^^^^^^^^^^^^^^^
  File "/home/sneha/spotify_airflow_project/venv/lib/python3.12/site-packages/sqlalchemy/engine/base.py", line 1577, in _execute_clauseelement
    ret = self._execute_context(
          ^^^^^^^^^^^^^^^^^^^^^^
  File "/home/sneha/spotify_airflow_project/venv/lib/python3.12/site-packages/sqlalchemy/engine/base.py", line 1953, in _execute_context
    self._handle_dbapi_exception(
  File "/home/sneha/spotify_airflow_project/venv/lib/python3.12/site-packages/sqlalchemy/engine/base.py", line 2134, in _handle_dbapi_exception
    util.raise_(
  File "/home/sneha/spotify_airflow_project/venv/lib/python3.12/site-packages/sqlalchemy/util/compat.py", line 211, in raise_
    raise exception
  File "/home/sneha/spotify_airflow_project/venv/lib/python3.12/site-packages/sqlalchemy/engine/base.py", line 1910, in _execute_context
    self.dialect.do_execute(
  File "/home/sneha/spotify_airflow_project/venv/lib/python3.12/site-packages/sqlalchemy/engine/default.py", line 736, in do_execute
    cursor.execute(statement, parameters)
sqlalchemy.exc.IntegrityError: (sqlite3.IntegrityError) UNIQUE constraint failed: rendered_task_instance_fields.dag_id, rendered_task_instance_fields.task_id, rendered_task_instance_fields.run_id, rendered_task_instance_fields.map_index
[SQL: INSERT INTO rendered_task_instance_fields (dag_id, task_id, run_id, map_index, rendered_fields, k8s_pod_yaml) VALUES (?, ?, ?, ?, ?, ?)]
[parameters: ('spotify_streaming_pipeline', 'run_spotify_producer', 'manual__2025-12-16T14:11:49.374779+00:00', -1, '{"bash_command": "python /home/sneha/spotify_airflow_project/scripts/producer_airflow.py", "env": null, "cwd": null}', 'null')]
(Background on this error at: https://sqlalche.me/e/14/gkpj)
[2025-12-16T19:41:54.339+0530] {subprocess.py:86} INFO - Output:
[2025-12-16T19:41:54.340+0530] {logging_mixin.py:190} INFO - Task instance in failure state
[2025-12-16T19:41:54.341+0530] {logging_mixin.py:190} INFO - Task start:2025-12-16 14:11:54.070686+00:00 end:2025-12-16 14:11:54.339589+00:00 duration:0.268903
[2025-12-16T19:41:54.342+0530] {logging_mixin.py:190} INFO - Task:<Task(BashOperator): run_spotify_producer> dag:<DAG: spotify_streaming_pipeline> dagrun:<DagRun spotify_streaming_pipeline @ 2025-12-16 14:11:49.374779+00:00: manual__2025-12-16T14:11:49.374779+00:00, state:running, queued_at: 2025-12-16 14:11:49.401697+00:00. externally triggered: True>
[2025-12-16T19:41:54.342+0530] {logging_mixin.py:190} INFO - Failure caused by (sqlite3.IntegrityError) UNIQUE constraint failed: rendered_task_instance_fields.dag_id, rendered_task_instance_fields.task_id, rendered_task_instance_fields.run_id, rendered_task_instance_fields.map_index
[SQL: INSERT INTO rendered_task_instance_fields (dag_id, task_id, run_id, map_index, rendered_fields, k8s_pod_yaml) VALUES (?, ?, ?, ?, ?, ?)]
[parameters: ('spotify_streaming_pipeline', 'run_spotify_producer', 'manual__2025-12-16T14:11:49.374779+00:00', -1, '{"bash_command": "python /home/sneha/spotify_airflow_project/scripts/producer_airflow.py", "env": null, "cwd": null}', 'null')]
(Background on this error at: https://sqlalche.me/e/14/gkpj)
[2025-12-16T19:41:54.342+0530] {taskinstance.py:1225} INFO - Marking task as FAILED. dag_id=spotify_streaming_pipeline, task_id=run_spotify_producer, run_id=manual__2025-12-16T14:11:49.374779+00:00, execution_date=20251216T141149, start_date=20251216T141154, end_date=20251216T141154
[2025-12-16T19:41:54.359+0530] {taskinstance.py:340} INFO - ::group::Post task execution logs
[2025-12-16T19:41:54.359+0530] {standard_task_runner.py:124} ERROR - Failed to execute job 76 for task run_spotify_producer ((sqlite3.IntegrityError) UNIQUE constraint failed: rendered_task_instance_fields.dag_id, rendered_task_instance_fields.task_id, rendered_task_instance_fields.run_id, rendered_task_instance_fields.map_index
[SQL: INSERT INTO rendered_task_instance_fields (dag_id, task_id, run_id, map_index, rendered_fields, k8s_pod_yaml) VALUES (?, ?, ?, ?, ?, ?)]
[parameters: ('spotify_streaming_pipeline', 'run_spotify_producer', 'manual__2025-12-16T14:11:49.374779+00:00', -1, '{"bash_command": "python /home/sneha/spotify_airflow_project/scripts/producer_airflow.py", "env": null, "cwd": null}', 'null')]
(Background on this error at: https://sqlalche.me/e/14/gkpj); 32232)
Traceback (most recent call last):
  File "/home/sneha/spotify_airflow_project/venv/lib/python3.12/site-packages/sqlalchemy/engine/base.py", line 1910, in _execute_context
    self.dialect.do_execute(
  File "/home/sneha/spotify_airflow_project/venv/lib/python3.12/site-packages/sqlalchemy/engine/default.py", line 736, in do_execute
    cursor.execute(statement, parameters)
sqlite3.IntegrityError: UNIQUE constraint failed: rendered_task_instance_fields.dag_id, rendered_task_instance_fields.task_id, rendered_task_instance_fields.run_id, rendered_task_instance_fields.map_index

The above exception was the direct cause of the following exception:

Traceback (most recent call last):
  File "/home/sneha/spotify_airflow_project/venv/lib/python3.12/site-packages/airflow/task/task_runner/standard_task_runner.py", line 117, in _start_by_fork
    ret = args.func(args, dag=self.dag)
          ^^^^^^^^^^^^^^^^^^^^^^^^^^^^^
  File "/home/sneha/spotify_airflow_project/venv/lib/python3.12/site-packages/airflow/cli/cli_config.py", line 49, in command
    return func(*args, **kwargs)
           ^^^^^^^^^^^^^^^^^^^^^
  File "/home/sneha/spotify_airflow_project/venv/lib/python3.12/site-packages/airflow/utils/cli.py", line 115, in wrapper
    return f(*args, **kwargs)
           ^^^^^^^^^^^^^^^^^^
  File "/home/sneha/spotify_airflow_project/venv/lib/python3.12/site-packages/airflow/cli/commands/task_command.py", line 483, in task_run
    task_return_code = _run_task_by_selected_method(args, _dag, ti)
                       ^^^^^^^^^^^^^^^^^^^^^^^^^^^^^^^^^^^^^^^^^^^^
  File "/home/sneha/spotify_airflow_project/venv/lib/python3.12/site-packages/airflow/cli/commands/task_command.py", line 256, in _run_task_by_selected_method
    return _run_raw_task(args, ti)
           ^^^^^^^^^^^^^^^^^^^^^^^
  File "/home/sneha/spotify_airflow_project/venv/lib/python3.12/site-packages/airflow/cli/commands/task_command.py", line 341, in _run_raw_task
    return ti._run_raw_task(
           ^^^^^^^^^^^^^^^^^
  File "/home/sneha/spotify_airflow_project/venv/lib/python3.12/site-packages/airflow/utils/session.py", line 97, in wrapper
    return func(*args, session=session, **kwargs)
           ^^^^^^^^^^^^^^^^^^^^^^^^^^^^^^^^^^^^^^
  File "/home/sneha/spotify_airflow_project/venv/lib/python3.12/site-packages/airflow/models/taskinstance.py", line 3004, in _run_raw_task
    return _run_raw_task(
           ^^^^^^^^^^^^^^
  File "/home/sneha/spotify_airflow_project/venv/lib/python3.12/site-packages/airflow/models/taskinstance.py", line 273, in _run_raw_task
    TaskInstance._execute_task_with_callbacks(
  File "/home/sneha/spotify_airflow_project/venv/lib/python3.12/site-packages/airflow/models/taskinstance.py", line 3122, in _execute_task_with_callbacks
    _update_rtif(ti=self, rendered_fields=rendered_fields)
  File "/home/sneha/spotify_airflow_project/venv/lib/python3.12/site-packages/airflow/api_internal/internal_api_call.py", line 139, in wrapper
    return func(*args, **kwargs)
           ^^^^^^^^^^^^^^^^^^^^^
  File "/home/sneha/spotify_airflow_project/venv/lib/python3.12/site-packages/airflow/utils/session.py", line 97, in wrapper
    return func(*args, session=session, **kwargs)
           ^^^^^^^^^^^^^^^^^^^^^^^^^^^^^^^^^^^^^^
  File "/home/sneha/spotify_airflow_project/venv/lib/python3.12/site-packages/airflow/models/taskinstance.py", line 1642, in _update_rtif
    RenderedTaskInstanceFields.delete_old_records(ti.task_id, ti.dag_id, session=session)
  File "/home/sneha/spotify_airflow_project/venv/lib/python3.12/site-packages/airflow/utils/session.py", line 94, in wrapper
    return func(*args, **kwargs)
           ^^^^^^^^^^^^^^^^^^^^^
  File "/home/sneha/spotify_airflow_project/venv/lib/python3.12/site-packages/airflow/models/renderedtifields.py", line 271, in delete_old_records
    session.flush()
  File "/home/sneha/spotify_airflow_project/venv/lib/python3.12/site-packages/sqlalchemy/orm/session.py", line 3449, in flush
    self._flush(objects)
  File "/home/sneha/spotify_airflow_project/venv/lib/python3.12/site-packages/sqlalchemy/orm/session.py", line 3588, in _flush
    with util.safe_reraise():
         ^^^^^^^^^^^^^^^^^^^
  File "/home/sneha/spotify_airflow_project/venv/lib/python3.12/site-packages/sqlalchemy/util/langhelpers.py", line 70, in __exit__
    compat.raise_(
  File "/home/sneha/spotify_airflow_project/venv/lib/python3.12/site-packages/sqlalchemy/util/compat.py", line 211, in raise_
    raise exception
  File "/home/sneha/spotify_airflow_project/venv/lib/python3.12/site-packages/sqlalchemy/orm/session.py", line 3549, in _flush
    flush_context.execute()
  File "/home/sneha/spotify_airflow_project/venv/lib/python3.12/site-packages/sqlalchemy/orm/unitofwork.py", line 456, in execute
    rec.execute(self)
  File "/home/sneha/spotify_airflow_project/venv/lib/python3.12/site-packages/sqlalchemy/orm/unitofwork.py", line 630, in execute
    util.preloaded.orm_persistence.save_obj(
  File "/home/sneha/spotify_airflow_project/venv/lib/python3.12/site-packages/sqlalchemy/orm/persistence.py", line 245, in save_obj
    _emit_insert_statements(
  File "/home/sneha/spotify_airflow_project/venv/lib/python3.12/site-packages/sqlalchemy/orm/persistence.py", line 1097, in _emit_insert_statements
    c = connection._execute_20(
        ^^^^^^^^^^^^^^^^^^^^^^^
  File "/home/sneha/spotify_airflow_project/venv/lib/python3.12/site-packages/sqlalchemy/engine/base.py", line 1710, in _execute_20
    return meth(self, args_10style, kwargs_10style, execution_options)
           ^^^^^^^^^^^^^^^^^^^^^^^^^^^^^^^^^^^^^^^^^^^^^^^^^^^^^^^^^^^
  File "/home/sneha/spotify_airflow_project/venv/lib/python3.12/site-packages/sqlalchemy/sql/elements.py", line 334, in _execute_on_connection
    return connection._execute_clauseelement(
           ^^^^^^^^^^^^^^^^^^^^^^^^^^^^^^^^^^
  File "/home/sneha/spotify_airflow_project/venv/lib/python3.12/site-packages/sqlalchemy/engine/base.py", line 1577, in _execute_clauseelement
    ret = self._execute_context(
          ^^^^^^^^^^^^^^^^^^^^^^
  File "/home/sneha/spotify_airflow_project/venv/lib/python3.12/site-packages/sqlalchemy/engine/base.py", line 1953, in _execute_context
    self._handle_dbapi_exception(
  File "/home/sneha/spotify_airflow_project/venv/lib/python3.12/site-packages/sqlalchemy/engine/base.py", line 2134, in _handle_dbapi_exception
    util.raise_(
  File "/home/sneha/spotify_airflow_project/venv/lib/python3.12/site-packages/sqlalchemy/util/compat.py", line 211, in raise_
    raise exception
  File "/home/sneha/spotify_airflow_project/venv/lib/python3.12/site-packages/sqlalchemy/engine/base.py", line 1910, in _execute_context
    self.dialect.do_execute(
  File "/home/sneha/spotify_airflow_project/venv/lib/python3.12/site-packages/sqlalchemy/engine/default.py", line 736, in do_execute
    cursor.execute(statement, parameters)
sqlalchemy.exc.IntegrityError: (sqlite3.IntegrityError) UNIQUE constraint failed: rendered_task_instance_fields.dag_id, rendered_task_instance_fields.task_id, rendered_task_instance_fields.run_id, rendered_task_instance_fields.map_index
[SQL: INSERT INTO rendered_task_instance_fields (dag_id, task_id, run_id, map_index, rendered_fields, k8s_pod_yaml) VALUES (?, ?, ?, ?, ?, ?)]
[parameters: ('spotify_streaming_pipeline', 'run_spotify_producer', 'manual__2025-12-16T14:11:49.374779+00:00', -1, '{"bash_command": "python /home/sneha/spotify_airflow_project/scripts/producer_airflow.py", "env": null, "cwd": null}', 'null')]
(Background on this error at: https://sqlalche.me/e/14/gkpj)
[2025-12-16T19:41:54.408+0530] {local_task_job_runner.py:266} INFO - Task exited with return code 1
[2025-12-16T19:41:54.436+0530] {taskinstance.py:3900} INFO - 0 downstream tasks scheduled from follow-on schedule check
[2025-12-16T19:41:54.444+0530] {local_task_job_runner.py:245} INFO - ::endgroup::
[2025-12-16T19:42:01.155+0530] {subprocess.py:93} INFO - Sending: {'track_name': 'Nee Manimukilaadakal', 'artist': 'Alphons Joseph', 'album': 'Vellithira (Original Motion Picture Soundtrack)', 'played_at': '2025-12-16T05:41:17.102Z'}
[2025-12-16T19:42:01.155+0530] {subprocess.py:93} INFO - Sending: {'track_name': 'Lailakame', 'artist': 'Haricharan', 'album': 'Ezra', 'played_at': '2025-12-16T05:33:46.343Z'}
[2025-12-16T19:42:01.156+0530] {subprocess.py:93} INFO - Sending: {'track_name': 'Nokki Nokki', 'artist': 'Abhay Jodhpurkar', 'album': 'Jomonte Suviseshangal', 'played_at': '2025-12-16T05:29:46.296Z'}
[2025-12-16T19:42:01.156+0530] {subprocess.py:93} INFO - Sending: {'track_name': 'Mazhaye Thoomazhaye', 'artist': 'M. Jayachandran', 'album': 'Pattam Pole (Original Motion Picture Soundtrack)', 'played_at': '2025-12-16T05:01:32.630Z'}
[2025-12-16T19:42:01.156+0530] {subprocess.py:93} INFO - Sending: {'track_name': 'Kaanumbol Parayaamo', 'artist': 'Mohan Sithara', 'album': 'Ishtam (Original Motion Picture Soundtrack)', 'played_at': '2025-12-16T04:56:32.714Z'}
[2025-12-16T19:42:01.307+0530] {subprocess.py:97} INFO - Command exited with return code 0
[2025-12-16T19:42:01.335+0530] {taskinstance.py:340} INFO - ::group::Post task execution logs
[2025-12-16T19:42:01.336+0530] {taskinstance.py:352} INFO - Marking task as SUCCESS. dag_id=spotify_streaming_pipeline, task_id=run_spotify_producer, run_id=manual__2025-12-16T14:11:49.374779+00:00, execution_date=20251216T141149, start_date=20251216T141154, end_date=20251216T141201
[2025-12-16T19:42:01.352+0530] {logging_mixin.py:190} INFO - Task instance in success state
[2025-12-16T19:42:01.352+0530] {logging_mixin.py:190} INFO -  Previous state of the Task instance: running
[2025-12-16T19:42:01.353+0530] {logging_mixin.py:190} INFO - Dag name:spotify_streaming_pipeline queued_at:2025-12-16 14:11:49.401697+00:00
[2025-12-16T19:42:01.353+0530] {logging_mixin.py:190} INFO - Task hostname:sneha-HP-Laptop-15s-eq1xxx operator:BashOperator
[2025-12-16T19:42:01.381+0530] {local_task_job_runner.py:266} INFO - Task exited with return code 0
[2025-12-16T19:42:01.401+0530] {taskinstance.py:3900} INFO - 0 downstream tasks scheduled from follow-on schedule check
[2025-12-16T19:42:01.402+0530] {local_task_job_runner.py:245} INFO - ::endgroup::
